5 19 25 29 
1 10 11 
6 9 10 21 25 29 31 36 
1 2 6 18 19 29 33 
8 24 
1 2 4 7 10 11 23 27 30 33 35 37 38 39 40 41 
4 13 14 
1 4 16 19 
3 19 
8 13 25 29 
7 30 
6 7 8 19 21 23 26 30 31 
5 7 9 13 15 16 19 21 23 24 25 26 27 
1 15 
1 2 5 7 9 10 13 18 
1 2 5 7 11 12 
1 2 3 7 8 12 14 16 18 20 21 26 27 38 39 44 45 
1 7 10 11 
1 9 18 
3 6 12 
17 19 20 
2 5 8 10 13 15 16 21 
12 17 21 23 25 32 36 37 41 43 
1 3 10 11 16 17 18 20 22 25 26 31 32 37 40 47 49 
1 4 6 46 
11 15 18 26 
3 5 19 25 
2 7 16 
3 19 20 24 27 29 32 34 47 
1 1 2 3 5 6 12 13 16 17 19 20 24 28 32 33 34 35 41 
4 5 9 14 15 18 19 20 23 24 
7 8 11 15 19 23 24 28 33 36 42 
14 39 
1 2 18 
8 13 16 18 19 
2 9 31 39 46 
7 24 36 37 
1 12 20 22 29 31 43 
1 3 9 18 23 24 
6 11 
1 2 11 14 16 17 18 22 25 27 29 34 35 38 39 43 
13 18 21 24 25 27 28 40 43 48 
2 13 29 
16 45 
2 3 7 8 10 12 15 16 22 24 26 28 30 31 33 36 38 
26 36 37 
1 3 4 9 12 18 19 21 22 23 24 27 28 31 35 37 39 42 
1 12 13 
1 11 23 27 
8 10 12 
10 13 20 26 28 29 
1 7 10 15 16 19 24 29 30 36 
1 1 2 4 5 11 16 17 26 
1 4 6 16 17 22 26 30 31 
17 32 
1 2 3 4 7 8 10 19 23 24 28 
7 9 12 20 
2 4 9 12 13 17 19 
2 4 5 6 11 13 17 19 22 27 
1 4 6 9 14 18 19 
6 7 8 10 12 13 14 21 22 25 34 35 37 43 
7 10 14 
6 8 9 40 
1 2 3 5 10 11 18 20 21 23 24 25 27 28 29 30 34 35 36 40 46 
21 24 26 28 33 
10 11 12 15 16 
3 6 9 10 
1 1 9 12 18 19 21 22 
11 21 
1 7 8 11 12 13 15 16 18 20 28 
3 15 21 42 
3 4 6 9 10 11 14 15 16 20 23 25 26 27 31 33 35 36 
1 11 13 21 30 32 33 34 36 43 
1 8 10 11 13 21 
3 27 
2 9 10 19 27 28 30 33 34 
10 14 33 
12 28 
1 1 4 10 11 18 19 22 25 29 30 32 33 
1 2 5 7 8 9 12 15 18 19 23 28 31 34 37 40 44 46 
1 4 12 14 
4 8 12 16 
1 23 
1 7 10 20 
1 9 12 13 19 20 23 25 33 39 
1 9 14 22 24 32 34 39 43 
2 3 4 5 10 
1 9 10 14 17 18 20 21 31 32 33 36 37 39 
5 6 12 17 37 
1 7 15 
7 11 12 19 21 24 
8 14 
8 11 14 15 19 22 24 25 29 
10 21 
9 10 17 19 
1 5 7 9 11 
1 11 12 13 14 16 21 22 25 26 
17 25 37 
1 2 6 12 
3 10 14 16 17 21 